[05-12-2021 20:12:14 PM] (A) 1
[05-12-2021 20:12:14 PM] (A) 2
[05-12-2021 20:12:15 PM] (A) 4
[05-12-2021 20:12:15 PM] (A) 5
[06-12-2021 12:12:06 PM] (A) 6
[06-12-2021 12:12:08 PM] (A) 7
[06-12-2021 12:12:42 PM] (A) A
[06-12-2021 13:12:18 PM] (A) Hello
[06-12-2021 13:12:37 PM] (A) 689
[06-12-2021 13:12:06 PM] (A) What's up
[06-12-2021 13:12:56 PM] (5) 5
[06-12-2021 13:12:06 PM] (AH?) Ah?
[06-12-2021 13:12:46] (A) Hello
[06/12/2021 13:12:19] (A) Hi
[06-12-2021 13:12] (A) He
[06-12-2021 13:12] (A) Hooo
[06-12-2021 13:12] (A) Testing
[06-12-2021 13:12] (A) %
[06-12-2021 14:12] (A) Test
[06-12-2021 16:12] ( A ) Hello
[06-12-2021 16:12] ( A ) D
[06-12-2021 16:12] (I01) First one
[06-12-2021 16:12] (I02) Yes
[06-12-2021 16:12] (I03) F
[06-12-2021 16:12] (I04) I
[06-12-2021 16:12] (I05) I
[06-12-2021 16:12] (I06) I
[06-12-2021 16:12] (I07) I
[06-12-2021 16:12] (I08) I
[06-12-2021 16:12] (I09) I
[06-12-2021 16:12] (I10) I
[06-12-2021 16:12] (I11) I
